<?xml version="1.0" encoding="UTF-8"?>
<testsuite name="tester" tests="1" skipped="0" failures="0" errors="0" timestamp="2024-11-28T19:15:33" hostname="SIDDHANT" time="0.006">
  <properties/>
  <testcase name="testPigDamage" classname="tester" time="0.006"/>
  <system-out><![CDATA[]]></system-out>
  <system-err><![CDATA[]]></system-err>
</testsuite>
